[0211/233443.538:ERROR:process_info.cc(359)] UncheckedAllocate
[0213/184604.823:ERROR:process_info.cc(359)] UncheckedAllocate
[0218/131553.604:ERROR:process_reader_win.cc(182)] ResumeThread: Параметр хибний. (0x57)
[0218/131553.629:ERROR:process_reader_win.cc(151)] SuspendThread: Немає дозволу на доступ. (0x5)
[0218/131553.629:ERROR:process_reader_win.cc(151)] SuspendThread: Немає дозволу на доступ. (0x5)
[0218/131553.629:ERROR:process_reader_win.cc(151)] SuspendThread: Немає дозволу на доступ. (0x5)
[0218/131553.629:ERROR:process_reader_win.cc(151)] SuspendThread: Немає дозволу на доступ. (0x5)
[0218/131553.629:ERROR:process_reader_win.cc(151)] SuspendThread: Немає дозволу на доступ. (0x5)
[0218/131553.629:ERROR:process_reader_win.cc(151)] SuspendThread: Немає дозволу на доступ. (0x5)
[0218/131553.629:ERROR:process_reader_win.cc(151)] SuspendThread: Немає дозволу на доступ. (0x5)
[0218/131553.629:ERROR:process_reader_win.cc(151)] SuspendThread: Немає дозволу на доступ. (0x5)
[0218/131553.629:ERROR:process_reader_win.cc(151)] SuspendThread: Немає дозволу на доступ. (0x5)
[0218/131553.629:ERROR:process_reader_win.cc(151)] SuspendThread: Немає дозволу на доступ. (0x5)
[0218/131553.629:ERROR:process_reader_win.cc(151)] SuspendThread: Немає дозволу на доступ. (0x5)
[0218/131553.629:ERROR:process_reader_win.cc(151)] SuspendThread: Немає дозволу на доступ. (0x5)
[0224/144445.327:ERROR:process_info.cc(359)] UncheckedAllocate
[0224/144445.335:ERROR:process_info.cc(359)] UncheckedAllocate
[0224/150818.428:ERROR:process_info.cc(359)] UncheckedAllocate
[0225/112343.209:ERROR:process_info.cc(359)] UncheckedAllocate
[0226/142722.836:ERROR:process_reader_win.cc(151)] SuspendThread: Немає дозволу на доступ. (0x5)
[0226/142722.870:ERROR:exception_snapshot_win.cc(98)] thread ID 6136 not found in process
[0226/142722.870:ERROR:scoped_process_suspend.cc(40)] NtResumeProcess: An attempt was made to access an exiting process. (0xc000010a)
[0228/125704.611:ERROR:process_info.cc(359)] UncheckedAllocate
[0228/125704.612:ERROR:process_info.cc(359)] UncheckedAllocate
[0229/095545.897:ERROR:process_info.cc(359)] UncheckedAllocate
[0229/095546.029:ERROR:process_info.cc(359)] UncheckedAllocate
[0229/210446.912:ERROR:filesystem_win.cc(148)] DeleteFile C:\Users\РїРєРїРє\AppData\Local\Google\Chrome\User Data\Crashpad\reports\889fc03a-201d-4d35-b1a2-d53d1521fe44.dmp: Процесу не вдалося отримати доступ до файлу, оскільки його використовує інший процес. (0x20)
[0301/152314.157:ERROR:process_info.cc(359)] UncheckedAllocate
[0301/152328.141:ERROR:process_info.cc(359)] UncheckedAllocate
[0301/152328.295:ERROR:process_info.cc(359)] UncheckedAllocate
[0302/133536.638:ERROR:process_info.cc(359)] UncheckedAllocate
